#
# A fatal error has been detected by the Java Runtime Environment:
#
#  Internal Error (javaClasses.cpp:136), pid=9120, tid=11456
#  fatal error: Invalid layout of preloaded class
#
# JRE version:  (7.0_51-b13) (build )
# Java VM: Java HotSpot(TM) 64-Bit Server VM (24.51-b03 mixed mode windows-amd64 compressed oops)
# Failed to write core dump. Minidumps are not enabled by default on client versions of Windows
#
# If you would like to submit a bug report, please visit:
#   http://bugreport.sun.com/bugreport/crash.jsp
#

---------------  T H R E A D  ---------------

Current thread (0x000000000262e000):  JavaThread "Unknown thread" [_thread_in_vm, id=11456, stack(0x0000000002810000,0x0000000002910000)]

Stack: [0x0000000002810000,0x0000000002910000]

---------------  P R O C E S S  ---------------

Java Threads: ( => current thread )

Other Threads:

=>0x000000000262e000 (exited) JavaThread "Unknown thread" [_thread_in_vm, id=11456, stack(0x0000000002810000,0x0000000002910000)]

VM state:not at safepoint (not fully initialized)

VM Mutex/Monitor currently owned by a thread: None

GC Heap History (0 events):
No events

Deoptimization events (0 events):
No events

Internal exceptions (0 events):
No events

Events (10 events):
Event: 0.010 loading class 0x000000000fd30760 done
Event: 0.010 loading class 0x000000000fd30180 done
Event: 0.010 loading class 0x000000000fd30160
Event: 0.010 loading class 0x000000000fd38260
Event: 0.010 loading class 0x000000000fd38260 done
Event: 0.010 loading class 0x000000000fd38290
Event: 0.010 loading class 0x000000000fd38290 done
Event: 0.010 loading class 0x000000000fd382c0
Event: 0.010 loading class 0x000000000fd382c0 done
Event: 0.010 loading class 0x000000000fd30160 done


Dynamic libraries:
0x000000013fcf0000 - 0x000000013fd23000 	C:\Program Files\Java\jdk1.7.0_51\bin\javaw.exe
0x0000000076f20000 - 0x00000000770c9000 	C:\Windows\SYSTEM32\ntdll.dll
0x0000000076e00000 - 0x0000000076f1f000 	C:\Windows\system32\kernel32.dll
0x000007fefcbf0000 - 0x000007fefcc5b000 	C:\Windows\system32\KERNELBASE.dll
0x000007fefdb50000 - 0x000007fefdc2b000 	C:\Windows\system32\ADVAPI32.dll
0x000007fefe200000 - 0x000007fefe29f000 	C:\Windows\system32\msvcrt.dll
0x000007fefcfa0000 - 0x000007fefcfbf000 	C:\Windows\SYSTEM32\sechost.dll
0x000007fefd320000 - 0x000007fefd44d000 	C:\Windows\system32\RPCRT4.dll
0x0000000076d00000 - 0x0000000076dfa000 	C:\Windows\system32\USER32.dll
0x000007fefd4d0000 - 0x000007fefd537000 	C:\Windows\system32\GDI32.dll
0x000007fefdc30000 - 0x000007fefdc3e000 	C:\Windows\system32\LPK.dll
0x000007fefddd0000 - 0x000007fefde99000 	C:\Windows\system32\USP10.dll
0x000007fefbc70000 - 0x000007fefbe64000 	C:\Windows\WinSxS\amd64_microsoft.windows.common-controls_6595b64144ccf1df_6.0.7601.17514_none_fa396087175ac9ac\COMCTL32.dll
0x000007fefd450000 - 0x000007fefd4c1000 	C:\Windows\system32\SHLWAPI.dll
0x000007fefcf70000 - 0x000007fefcf9e000 	C:\Windows\system32\IMM32.DLL
0x000007fefd540000 - 0x000007fefd649000 	C:\Windows\system32\MSCTF.dll
0x000007fefca60000 - 0x000007fefcaa0000 	C:\Windows\system32\nvinitx.dll
0x0000000078e80000 - 0x0000000078f52000 	C:\Program Files\Java\jdk1.7.0_51\jre\bin\msvcr100.dll
0x000000006ed40000 - 0x000000006f509000 	C:\Program Files\Java\jdk1.7.0_51\jre\bin\server\jvm.dll
0x000007fef5180000 - 0x000007fef5189000 	C:\Windows\system32\WSOCK32.dll
0x000007fefdfa0000 - 0x000007fefdfed000 	C:\Windows\system32\WS2_32.dll
0x000007fefcfc0000 - 0x000007fefcfc8000 	C:\Windows\system32\NSI.dll
0x000007fefcc90000 - 0x000007fefcccb000 	C:\Windows\system32\WINMM.dll
0x00000000770e0000 - 0x00000000770e7000 	C:\Windows\system32\PSAPI.DLL
0x0000000071c80000 - 0x0000000071c8f000 	C:\Program Files\Java\jdk1.7.0_51\jre\bin\verify.dll
0x000000006d300000 - 0x000000006d328000 	C:\Program Files\Java\jdk1.7.0_51\jre\bin\java.dll
0x000000006e1b0000 - 0x000000006e1c5000 	C:\Program Files\Java\jdk1.7.0_51\jre\bin\zip.dll

VM Arguments:
jvm_args: -Dfile.encoding=GBK -Xbootclasspath:D:\Program Files\adt-bundle-windows-x86_64-20131030\sdk\platforms\android-19\android.jar 
java_command: com.example.androidsql.DataBaseUtil
Launcher Type: SUN_STANDARD

Environment Variables:
PATH=C:\Windows\system32;C:\Windows;C:\Windows\System32\Wbem;C:\Windows\System32\WindowsPowerShell\v1.0\;C:\Program Files (x86)\Intel\OpenCL SDK\2.0\bin\x86;C:\Program Files (x86)\Intel\OpenCL SDK\2.0\bin\x64;C:\Program Files (x86)\Lenovo\Access Connections\;C:\Program Files (x86)\Windows Kits\8.1\Windows Performance Toolkit\;C:\Program Files\TortoiseSVN\bin;C:\Program Files (x86)\Microsoft SQL Server\100\Tools\Binn\;C:\Program Files\Microsoft SQL Server\100\Tools\Binn\;C:\Program Files\Microsoft SQL Server\100\DTS\Binn\;C:\Program Files (x86)\Microsoft SQL Server\100\Tools\Binn\VSShell\Common7\IDE\;C:\Program Files (x86)\Microsoft SQL Server\100\DTS\Binn\;C:\Program Files (x86)\Microsoft Visual Studio 9.0\Common7\IDE\PrivateAssemblies\;C:\mysql\bin
USERNAME=XH
OS=Windows_NT
PROCESSOR_IDENTIFIER=Intel64 Family 6 Model 42 Stepping 7, GenuineIntel



---------------  S Y S T E M  ---------------

OS: Windows 7 , 64 bit Build 7601 Service Pack 1

CPU:total 8 (4 cores per cpu, 2 threads per core) family 6 model 42 stepping 7, cmov, cx8, fxsr, mmx, sse, sse2, sse3, ssse3, sse4.1, sse4.2, popcnt, avx, aes, ht, tsc, tscinvbit

Memory: 4k page, physical 16657648k(9495612k free), swap 33313432k(24472748k free)

vm_info: Java HotSpot(TM) 64-Bit Server VM (24.51-b03) for windows-amd64 JRE (1.7.0_51-b13), built on Dec 18 2013 18:40:56 by "java_re" with unknown MS VC++:1600

time: Mon Mar 10 13:19:15 2014
elapsed time: 0 seconds

