#
# A fatal error has been detected by the Java Runtime Environment:
#
#  Internal Error (javaClasses.cpp:136), pid=7872, tid=1548
#  fatal error: Invalid layout of preloaded class
#
# JRE version:  (7.0_51-b13) (build )
# Java VM: Java HotSpot(TM) 64-Bit Server VM (24.51-b03 mixed mode windows-amd64 compressed oops)
# Failed to write core dump. Minidumps are not enabled by default on client versions of Windows
#
# If you would like to submit a bug report, please visit:
#   http://bugreport.sun.com/bugreport/crash.jsp
#

---------------  T H R E A D  ---------------

Current thread (0x0000000001d5e800):  JavaThread "Unknown thread" [_thread_in_vm, id=1548, stack(0x0000000002820000,0x0000000002920000)]

Stack: [0x0000000002820000,0x0000000002920000]

---------------  P R O C E S S  ---------------

Java Threads: ( => current thread )

Other Threads:

=>0x0000000001d5e800 (exited) JavaThread "Unknown thread" [_thread_in_vm, id=1548, stack(0x0000000002820000,0x0000000002920000)]

VM state:not at safepoint (not fully initialized)

VM Mutex/Monitor currently owned by a thread: None

GC Heap History (0 events):
No events

Deoptimization events (0 events):
No events

Internal exceptions (0 events):
No events

Events (10 events):
Event: 0.008 loading class 0x000000000fa30760 done
Event: 0.009 loading class 0x000000000fa30180 done
Event: 0.009 loading class 0x000000000fa30160
Event: 0.009 loading class 0x000000000fa38260
Event: 0.009 loading class 0x000000000fa38260 done
Event: 0.009 loading class 0x000000000fa38290
Event: 0.009 loading class 0x000000000fa38290 done
Event: 0.009 loading class 0x000000000fa382c0
Event: 0.009 loading class 0x000000000fa382c0 done
Event: 0.009 loading class 0x000000000fa30160 done


Dynamic libraries:
0x000000013f140000 - 0x000000013f173000 	C:\Program Files\Java\jdk1.7.0_51\bin\javaw.exe
0x00000000773e0000 - 0x0000000077589000 	C:\Windows\SYSTEM32\ntdll.dll
0x00000000772c0000 - 0x00000000773df000 	C:\Windows\system32\kernel32.dll
0x000007fefd180000 - 0x000007fefd1eb000 	C:\Windows\system32\KERNELBASE.dll
0x000007feff310000 - 0x000007feff3eb000 	C:\Windows\system32\ADVAPI32.dll
0x000007fefe9a0000 - 0x000007fefea3f000 	C:\Windows\system32\msvcrt.dll
0x000007fefd4d0000 - 0x000007fefd4ef000 	C:\Windows\SYSTEM32\sechost.dll
0x000007fefd4f0000 - 0x000007fefd61d000 	C:\Windows\system32\RPCRT4.dll
0x00000000771c0000 - 0x00000000772ba000 	C:\Windows\system32\USER32.dll
0x000007feff1c0000 - 0x000007feff227000 	C:\Windows\system32\GDI32.dll
0x000007feff6e0000 - 0x000007feff6ee000 	C:\Windows\system32\LPK.dll
0x000007fefe8d0000 - 0x000007fefe999000 	C:\Windows\system32\USP10.dll
0x000007fefc180000 - 0x000007fefc374000 	C:\Windows\WinSxS\amd64_microsoft.windows.common-controls_6595b64144ccf1df_6.0.7601.17514_none_fa396087175ac9ac\COMCTL32.dll
0x000007fefd430000 - 0x000007fefd4a1000 	C:\Windows\system32\SHLWAPI.dll
0x000007fefeea0000 - 0x000007fefeece000 	C:\Windows\system32\IMM32.DLL
0x000007fefeae0000 - 0x000007fefebe9000 	C:\Windows\system32\MSCTF.dll
0x000007fefcf20000 - 0x000007fefcf60000 	C:\Windows\system32\nvinitx.dll
0x000000005f340000 - 0x000000005f412000 	C:\Program Files\Java\jdk1.7.0_51\jre\bin\msvcr100.dll
0x0000000067440000 - 0x0000000067c09000 	C:\Program Files\Java\jdk1.7.0_51\jre\bin\server\jvm.dll
0x000007fef0be0000 - 0x000007fef0be9000 	C:\Windows\system32\WSOCK32.dll
0x000007feff170000 - 0x000007feff1bd000 	C:\Windows\system32\WS2_32.dll
0x000007feff490000 - 0x000007feff498000 	C:\Windows\system32\NSI.dll
0x000007fefd3b0000 - 0x000007fefd3eb000 	C:\Windows\system32\WINMM.dll
0x00000000775a0000 - 0x00000000775a7000 	C:\Windows\system32\PSAPI.DLL
0x0000000074880000 - 0x000000007488f000 	C:\Program Files\Java\jdk1.7.0_51\jre\bin\verify.dll
0x0000000074850000 - 0x0000000074878000 	C:\Program Files\Java\jdk1.7.0_51\jre\bin\java.dll
0x0000000074830000 - 0x0000000074845000 	C:\Program Files\Java\jdk1.7.0_51\jre\bin\zip.dll

VM Arguments:
jvm_args: -Dfile.encoding=GBK -Xbootclasspath:D:\Program Files\adt-bundle-windows-x86_64-20131030\sdk\platforms\android-19\android.jar 
java_command: com.example.androidsql.DataBaseUtil
Launcher Type: SUN_STANDARD

Environment Variables:
JAVA_HOME=C:\Program Files\Java\jdk1.7.0_51
CLASSPATH=HOME\lib;C:\Program Files\Java\jdk1.7.0_51\lib\tools.jar
PATH=C:/Program Files/Java/jdk1.7.0_51/bin/../jre/bin/server;C:/Program Files/Java/jdk1.7.0_51/bin/../jre/bin;C:/Program Files/Java/jdk1.7.0_51/bin/../jre/lib/amd64;C:\Program Files\Java\jdk1.7.0_51\bin;C:\Program Files\Java\jdk1.7.0_51\bin;C:\Program Files\Java\jdk1.7.0_51\bin;C:\Windows\System32;D:\Program Files\adt-bundle-windows-x86_64-20131030\eclipse;
USERNAME=XH
OS=Windows_NT
PROCESSOR_IDENTIFIER=Intel64 Family 6 Model 42 Stepping 7, GenuineIntel



---------------  S Y S T E M  ---------------

OS: Windows 7 , 64 bit Build 7601 Service Pack 1

CPU:total 8 (4 cores per cpu, 2 threads per core) family 6 model 42 stepping 7, cmov, cx8, fxsr, mmx, sse, sse2, sse3, ssse3, sse4.1, sse4.2, popcnt, avx, aes, ht, tsc, tscinvbit

Memory: 4k page, physical 16657648k(10029136k free), swap 33313432k(25385128k free)

vm_info: Java HotSpot(TM) 64-Bit Server VM (24.51-b03) for windows-amd64 JRE (1.7.0_51-b13), built on Dec 18 2013 18:40:56 by "java_re" with unknown MS VC++:1600

time: Tue Mar 11 13:38:59 2014
elapsed time: 0 seconds

